MONGODB [WARNING] Please note that logging negatively impacts client-side performance. You should set your logging level no lower than :info in production.
MONGODB admin['$cmd'].find({:ismaster=>1}).limit(-1)
MONGODB [WARNING] Please note that logging negatively impacts client-side performance. You should set your logging level no lower than :info in production.
MONGODB admin['$cmd'].find({:ismaster=>1}).limit(-1)
MONGODB [WARNING] Please note that logging negatively impacts client-side performance. You should set your logging level no lower than :info in production.
MONGODB admin['$cmd'].find({:ismaster=>1}).limit(-1)


Started GET "/assets/rails.png" for 127.0.0.1 at Fri Feb 24 01:31:36 -0200 2012

ActionController::RoutingError (No route matches [GET] "/assets/rails.png"):
  actionpack (3.2.1) lib/action_dispatch/middleware/debug_exceptions.rb:21:in `call'
  actionpack (3.2.1) lib/action_dispatch/middleware/show_exceptions.rb:56:in `call'
  railties (3.2.1) lib/rails/rack/logger.rb:26:in `call_app'
  railties (3.2.1) lib/rails/rack/logger.rb:16:in `call'
  actionpack (3.2.1) lib/action_dispatch/middleware/request_id.rb:22:in `call'
  rack (1.4.1) lib/rack/methodoverride.rb:21:in `call'
  rack (1.4.1) lib/rack/runtime.rb:17:in `call'
  activesupport (3.2.1) lib/active_support/cache/strategy/local_cache.rb:72:in `call'
  rack (1.4.1) lib/rack/lock.rb:15:in `call'
  actionpack (3.2.1) lib/action_dispatch/middleware/static.rb:53:in `call'
  railties (3.2.1) lib/rails/engine.rb:479:in `call'
  railties (3.2.1) lib/rails/application.rb:220:in `call'
  rack (1.4.1) lib/rack/content_length.rb:14:in `call'
  railties (3.2.1) lib/rails/rack/log_tailer.rb:14:in `call'
  rack (1.4.1) lib/rack/handler/webrick.rb:59:in `service'
  /usr/local/rvm/rubies/ruby-1.8.7-p352/lib/ruby/1.8/webrick/httpserver.rb:104:in `service'
  /usr/local/rvm/rubies/ruby-1.8.7-p352/lib/ruby/1.8/webrick/httpserver.rb:65:in `run'
  /usr/local/rvm/rubies/ruby-1.8.7-p352/lib/ruby/1.8/webrick/server.rb:173:in `start_thread'
  /usr/local/rvm/rubies/ruby-1.8.7-p352/lib/ruby/1.8/webrick/server.rb:162:in `start'
  /usr/local/rvm/rubies/ruby-1.8.7-p352/lib/ruby/1.8/webrick/server.rb:162:in `start_thread'
  /usr/local/rvm/rubies/ruby-1.8.7-p352/lib/ruby/1.8/webrick/server.rb:95:in `start'
  /usr/local/rvm/rubies/ruby-1.8.7-p352/lib/ruby/1.8/webrick/server.rb:92:in `each'
  /usr/local/rvm/rubies/ruby-1.8.7-p352/lib/ruby/1.8/webrick/server.rb:92:in `start'
  /usr/local/rvm/rubies/ruby-1.8.7-p352/lib/ruby/1.8/webrick/server.rb:23:in `start'
  /usr/local/rvm/rubies/ruby-1.8.7-p352/lib/ruby/1.8/webrick/server.rb:82:in `start'
  rack (1.4.1) lib/rack/handler/webrick.rb:13:in `run'
  rack (1.4.1) lib/rack/server.rb:265:in `start'
  railties (3.2.1) lib/rails/commands/server.rb:70:in `start'
  railties (3.2.1) lib/rails/commands.rb:55
  railties (3.2.1) lib/rails/commands.rb:50:in `tap'
  railties (3.2.1) lib/rails/commands.rb:50
  script/rails:6:in `require'
  script/rails:6


  Rendered /usr/local/rvm/gems/ruby-1.8.7-p352/gems/actionpack-3.2.1/lib/action_dispatch/middleware/templates/rescues/routing_error.erb within rescues/layout (2.0ms)


Started GET "/" for 127.0.0.1 at Fri Feb 24 01:31:57 -0200 2012

ActionController::RoutingError (No route matches [GET] "/"):
  actionpack (3.2.1) lib/action_dispatch/middleware/debug_exceptions.rb:21:in `call'
  actionpack (3.2.1) lib/action_dispatch/middleware/show_exceptions.rb:56:in `call'
  railties (3.2.1) lib/rails/rack/logger.rb:26:in `call_app'
  railties (3.2.1) lib/rails/rack/logger.rb:16:in `call'
  actionpack (3.2.1) lib/action_dispatch/middleware/request_id.rb:22:in `call'
  rack (1.4.1) lib/rack/methodoverride.rb:21:in `call'
  rack (1.4.1) lib/rack/runtime.rb:17:in `call'
  activesupport (3.2.1) lib/active_support/cache/strategy/local_cache.rb:72:in `call'
  rack (1.4.1) lib/rack/lock.rb:15:in `call'
  actionpack (3.2.1) lib/action_dispatch/middleware/static.rb:53:in `call'
  railties (3.2.1) lib/rails/engine.rb:479:in `call'
  railties (3.2.1) lib/rails/application.rb:220:in `call'
  rack (1.4.1) lib/rack/content_length.rb:14:in `call'
  railties (3.2.1) lib/rails/rack/log_tailer.rb:14:in `call'
  rack (1.4.1) lib/rack/handler/webrick.rb:59:in `service'
  /usr/local/rvm/rubies/ruby-1.8.7-p352/lib/ruby/1.8/webrick/httpserver.rb:104:in `service'
  /usr/local/rvm/rubies/ruby-1.8.7-p352/lib/ruby/1.8/webrick/httpserver.rb:65:in `run'
  /usr/local/rvm/rubies/ruby-1.8.7-p352/lib/ruby/1.8/webrick/server.rb:173:in `start_thread'
  /usr/local/rvm/rubies/ruby-1.8.7-p352/lib/ruby/1.8/webrick/server.rb:162:in `start'
  /usr/local/rvm/rubies/ruby-1.8.7-p352/lib/ruby/1.8/webrick/server.rb:162:in `start_thread'
  /usr/local/rvm/rubies/ruby-1.8.7-p352/lib/ruby/1.8/webrick/server.rb:95:in `start'
  /usr/local/rvm/rubies/ruby-1.8.7-p352/lib/ruby/1.8/webrick/server.rb:92:in `each'
  /usr/local/rvm/rubies/ruby-1.8.7-p352/lib/ruby/1.8/webrick/server.rb:92:in `start'
  /usr/local/rvm/rubies/ruby-1.8.7-p352/lib/ruby/1.8/webrick/server.rb:23:in `start'
  /usr/local/rvm/rubies/ruby-1.8.7-p352/lib/ruby/1.8/webrick/server.rb:82:in `start'
  rack (1.4.1) lib/rack/handler/webrick.rb:13:in `run'
  rack (1.4.1) lib/rack/server.rb:265:in `start'
  railties (3.2.1) lib/rails/commands/server.rb:70:in `start'
  railties (3.2.1) lib/rails/commands.rb:55
  railties (3.2.1) lib/rails/commands.rb:50:in `tap'
  railties (3.2.1) lib/rails/commands.rb:50
  script/rails:6:in `require'
  script/rails:6


  Rendered /usr/local/rvm/gems/ruby-1.8.7-p352/gems/actionpack-3.2.1/lib/action_dispatch/middleware/templates/rescues/routing_error.erb within rescues/layout (0.6ms)
MONGODB [WARNING] Please note that logging negatively impacts client-side performance. You should set your logging level no lower than :info in production.
MONGODB admin['$cmd'].find({:ismaster=>1}).limit(-1)
MONGODB [WARNING] Please note that logging negatively impacts client-side performance. You should set your logging level no lower than :info in production.
MONGODB admin['$cmd'].find({:ismaster=>1}).limit(-1)


Started GET "/" for 127.0.0.1 at Fri Feb 24 01:33:04 -0200 2012
Processing by HomeController#index as HTML
  Rendered home/index.html.erb within layouts/application (0.3ms)
Completed 200 OK in 6ms (Views: 5.5ms)


Started GET "/javascripts/application.js" for 127.0.0.1 at Fri Feb 24 01:33:04 -0200 2012

ActionController::RoutingError (No route matches [GET] "/javascripts/application.js"):
  actionpack (3.2.1) lib/action_dispatch/middleware/debug_exceptions.rb:21:in `call'
  actionpack (3.2.1) lib/action_dispatch/middleware/show_exceptions.rb:56:in `call'
  railties (3.2.1) lib/rails/rack/logger.rb:26:in `call_app'
  railties (3.2.1) lib/rails/rack/logger.rb:16:in `call'
  actionpack (3.2.1) lib/action_dispatch/middleware/request_id.rb:22:in `call'
  rack (1.4.1) lib/rack/methodoverride.rb:21:in `call'
  rack (1.4.1) lib/rack/runtime.rb:17:in `call'
  activesupport (3.2.1) lib/active_support/cache/strategy/local_cache.rb:72:in `call'
  rack (1.4.1) lib/rack/lock.rb:15:in `call'
  actionpack (3.2.1) lib/action_dispatch/middleware/static.rb:53:in `call'
  railties (3.2.1) lib/rails/engine.rb:479:in `call'
  railties (3.2.1) lib/rails/application.rb:220:in `call'
  rack (1.4.1) lib/rack/content_length.rb:14:in `call'
  railties (3.2.1) lib/rails/rack/log_tailer.rb:14:in `call'
  rack (1.4.1) lib/rack/handler/webrick.rb:59:in `service'
  /usr/local/rvm/rubies/ruby-1.8.7-p352/lib/ruby/1.8/webrick/httpserver.rb:104:in `service'
  /usr/local/rvm/rubies/ruby-1.8.7-p352/lib/ruby/1.8/webrick/httpserver.rb:65:in `run'
  /usr/local/rvm/rubies/ruby-1.8.7-p352/lib/ruby/1.8/webrick/server.rb:173:in `start_thread'
  /usr/local/rvm/rubies/ruby-1.8.7-p352/lib/ruby/1.8/webrick/server.rb:162:in `start'
  /usr/local/rvm/rubies/ruby-1.8.7-p352/lib/ruby/1.8/webrick/server.rb:162:in `start_thread'
  /usr/local/rvm/rubies/ruby-1.8.7-p352/lib/ruby/1.8/webrick/server.rb:95:in `start'
  /usr/local/rvm/rubies/ruby-1.8.7-p352/lib/ruby/1.8/webrick/server.rb:92:in `each'
  /usr/local/rvm/rubies/ruby-1.8.7-p352/lib/ruby/1.8/webrick/server.rb:92:in `start'
  /usr/local/rvm/rubies/ruby-1.8.7-p352/lib/ruby/1.8/webrick/server.rb:23:in `start'
  /usr/local/rvm/rubies/ruby-1.8.7-p352/lib/ruby/1.8/webrick/server.rb:82:in `start'
  rack (1.4.1) lib/rack/handler/webrick.rb:13:in `run'
  rack (1.4.1) lib/rack/server.rb:265:in `start'
  railties (3.2.1) lib/rails/commands/server.rb:70:in `start'
  railties (3.2.1) lib/rails/commands.rb:55
  railties (3.2.1) lib/rails/commands.rb:50:in `tap'
  railties (3.2.1) lib/rails/commands.rb:50
  script/rails:6:in `require'
  script/rails:6


  Rendered /usr/local/rvm/gems/ruby-1.8.7-p352/gems/actionpack-3.2.1/lib/action_dispatch/middleware/templates/rescues/routing_error.erb within rescues/layout (0.6ms)


Started GET "/stylesheets/application.css" for 127.0.0.1 at Fri Feb 24 01:33:04 -0200 2012

ActionController::RoutingError (No route matches [GET] "/stylesheets/application.css"):
  actionpack (3.2.1) lib/action_dispatch/middleware/debug_exceptions.rb:21:in `call'
  actionpack (3.2.1) lib/action_dispatch/middleware/show_exceptions.rb:56:in `call'
  railties (3.2.1) lib/rails/rack/logger.rb:26:in `call_app'
  railties (3.2.1) lib/rails/rack/logger.rb:16:in `call'
  actionpack (3.2.1) lib/action_dispatch/middleware/request_id.rb:22:in `call'
  rack (1.4.1) lib/rack/methodoverride.rb:21:in `call'
  rack (1.4.1) lib/rack/runtime.rb:17:in `call'
  activesupport (3.2.1) lib/active_support/cache/strategy/local_cache.rb:72:in `call'
  rack (1.4.1) lib/rack/lock.rb:15:in `call'
  actionpack (3.2.1) lib/action_dispatch/middleware/static.rb:53:in `call'
  railties (3.2.1) lib/rails/engine.rb:479:in `call'
  railties (3.2.1) lib/rails/application.rb:220:in `call'
  rack (1.4.1) lib/rack/content_length.rb:14:in `call'
  railties (3.2.1) lib/rails/rack/log_tailer.rb:14:in `call'
  rack (1.4.1) lib/rack/handler/webrick.rb:59:in `service'
  /usr/local/rvm/rubies/ruby-1.8.7-p352/lib/ruby/1.8/webrick/httpserver.rb:104:in `service'
  /usr/local/rvm/rubies/ruby-1.8.7-p352/lib/ruby/1.8/webrick/httpserver.rb:65:in `run'
  /usr/local/rvm/rubies/ruby-1.8.7-p352/lib/ruby/1.8/webrick/server.rb:173:in `start_thread'
  /usr/local/rvm/rubies/ruby-1.8.7-p352/lib/ruby/1.8/webrick/server.rb:162:in `start'
  /usr/local/rvm/rubies/ruby-1.8.7-p352/lib/ruby/1.8/webrick/server.rb:162:in `start_thread'
  /usr/local/rvm/rubies/ruby-1.8.7-p352/lib/ruby/1.8/webrick/server.rb:95:in `start'
  /usr/local/rvm/rubies/ruby-1.8.7-p352/lib/ruby/1.8/webrick/server.rb:92:in `each'
  /usr/local/rvm/rubies/ruby-1.8.7-p352/lib/ruby/1.8/webrick/server.rb:92:in `start'
  /usr/local/rvm/rubies/ruby-1.8.7-p352/lib/ruby/1.8/webrick/server.rb:23:in `start'
  /usr/local/rvm/rubies/ruby-1.8.7-p352/lib/ruby/1.8/webrick/server.rb:82:in `start'
  rack (1.4.1) lib/rack/handler/webrick.rb:13:in `run'
  rack (1.4.1) lib/rack/server.rb:265:in `start'
  railties (3.2.1) lib/rails/commands/server.rb:70:in `start'
  railties (3.2.1) lib/rails/commands.rb:55
  railties (3.2.1) lib/rails/commands.rb:50:in `tap'
  railties (3.2.1) lib/rails/commands.rb:50
  script/rails:6:in `require'
  script/rails:6


  Rendered /usr/local/rvm/gems/ruby-1.8.7-p352/gems/actionpack-3.2.1/lib/action_dispatch/middleware/templates/rescues/routing_error.erb within rescues/layout (0.6ms)


Started GET "/" for 127.0.0.1 at Fri Feb 24 01:33:29 -0200 2012
Processing by HomeController#index as HTML
  Rendered home/index.html.erb within layouts/application (0.1ms)
Completed 200 OK in 4ms (Views: 4.1ms)


Started GET "/stylesheets/application.css" for 127.0.0.1 at Fri Feb 24 01:33:29 -0200 2012

ActionController::RoutingError (No route matches [GET] "/stylesheets/application.css"):
  actionpack (3.2.1) lib/action_dispatch/middleware/debug_exceptions.rb:21:in `call'
  actionpack (3.2.1) lib/action_dispatch/middleware/show_exceptions.rb:56:in `call'
  railties (3.2.1) lib/rails/rack/logger.rb:26:in `call_app'
  railties (3.2.1) lib/rails/rack/logger.rb:16:in `call'
  actionpack (3.2.1) lib/action_dispatch/middleware/request_id.rb:22:in `call'
  rack (1.4.1) lib/rack/methodoverride.rb:21:in `call'
  rack (1.4.1) lib/rack/runtime.rb:17:in `call'
  activesupport (3.2.1) lib/active_support/cache/strategy/local_cache.rb:72:in `call'
  rack (1.4.1) lib/rack/lock.rb:15:in `call'
  actionpack (3.2.1) lib/action_dispatch/middleware/static.rb:53:in `call'
  railties (3.2.1) lib/rails/engine.rb:479:in `call'
  railties (3.2.1) lib/rails/application.rb:220:in `call'
  rack (1.4.1) lib/rack/content_length.rb:14:in `call'
  railties (3.2.1) lib/rails/rack/log_tailer.rb:14:in `call'
  rack (1.4.1) lib/rack/handler/webrick.rb:59:in `service'
  /usr/local/rvm/rubies/ruby-1.8.7-p352/lib/ruby/1.8/webrick/httpserver.rb:104:in `service'
  /usr/local/rvm/rubies/ruby-1.8.7-p352/lib/ruby/1.8/webrick/httpserver.rb:65:in `run'
  /usr/local/rvm/rubies/ruby-1.8.7-p352/lib/ruby/1.8/webrick/server.rb:173:in `start_thread'
  /usr/local/rvm/rubies/ruby-1.8.7-p352/lib/ruby/1.8/webrick/server.rb:162:in `start'
  /usr/local/rvm/rubies/ruby-1.8.7-p352/lib/ruby/1.8/webrick/server.rb:162:in `start_thread'
  /usr/local/rvm/rubies/ruby-1.8.7-p352/lib/ruby/1.8/webrick/server.rb:95:in `start'
  /usr/local/rvm/rubies/ruby-1.8.7-p352/lib/ruby/1.8/webrick/server.rb:92:in `each'
  /usr/local/rvm/rubies/ruby-1.8.7-p352/lib/ruby/1.8/webrick/server.rb:92:in `start'
  /usr/local/rvm/rubies/ruby-1.8.7-p352/lib/ruby/1.8/webrick/server.rb:23:in `start'
  /usr/local/rvm/rubies/ruby-1.8.7-p352/lib/ruby/1.8/webrick/server.rb:82:in `start'
  rack (1.4.1) lib/rack/handler/webrick.rb:13:in `run'
  rack (1.4.1) lib/rack/server.rb:265:in `start'
  railties (3.2.1) lib/rails/commands/server.rb:70:in `start'
  railties (3.2.1) lib/rails/commands.rb:55
  railties (3.2.1) lib/rails/commands.rb:50:in `tap'
  railties (3.2.1) lib/rails/commands.rb:50
  script/rails:6:in `require'
  script/rails:6


  Rendered /usr/local/rvm/gems/ruby-1.8.7-p352/gems/actionpack-3.2.1/lib/action_dispatch/middleware/templates/rescues/routing_error.erb within rescues/layout (0.6ms)


Started GET "/javascripts/application.js" for 127.0.0.1 at Fri Feb 24 01:33:29 -0200 2012

ActionController::RoutingError (No route matches [GET] "/javascripts/application.js"):
  actionpack (3.2.1) lib/action_dispatch/middleware/debug_exceptions.rb:21:in `call'
  actionpack (3.2.1) lib/action_dispatch/middleware/show_exceptions.rb:56:in `call'
  railties (3.2.1) lib/rails/rack/logger.rb:26:in `call_app'
  railties (3.2.1) lib/rails/rack/logger.rb:16:in `call'
  actionpack (3.2.1) lib/action_dispatch/middleware/request_id.rb:22:in `call'
  rack (1.4.1) lib/rack/methodoverride.rb:21:in `call'
  rack (1.4.1) lib/rack/runtime.rb:17:in `call'
  activesupport (3.2.1) lib/active_support/cache/strategy/local_cache.rb:72:in `call'
  rack (1.4.1) lib/rack/lock.rb:15:in `call'
  actionpack (3.2.1) lib/action_dispatch/middleware/static.rb:53:in `call'
  railties (3.2.1) lib/rails/engine.rb:479:in `call'
  railties (3.2.1) lib/rails/application.rb:220:in `call'
  rack (1.4.1) lib/rack/content_length.rb:14:in `call'
  railties (3.2.1) lib/rails/rack/log_tailer.rb:14:in `call'
  rack (1.4.1) lib/rack/handler/webrick.rb:59:in `service'
  /usr/local/rvm/rubies/ruby-1.8.7-p352/lib/ruby/1.8/webrick/httpserver.rb:104:in `service'
  /usr/local/rvm/rubies/ruby-1.8.7-p352/lib/ruby/1.8/webrick/httpserver.rb:65:in `run'
  /usr/local/rvm/rubies/ruby-1.8.7-p352/lib/ruby/1.8/webrick/server.rb:173:in `start_thread'
  /usr/local/rvm/rubies/ruby-1.8.7-p352/lib/ruby/1.8/webrick/server.rb:162:in `start'
  /usr/local/rvm/rubies/ruby-1.8.7-p352/lib/ruby/1.8/webrick/server.rb:162:in `start_thread'
  /usr/local/rvm/rubies/ruby-1.8.7-p352/lib/ruby/1.8/webrick/server.rb:95:in `start'
  /usr/local/rvm/rubies/ruby-1.8.7-p352/lib/ruby/1.8/webrick/server.rb:92:in `each'
  /usr/local/rvm/rubies/ruby-1.8.7-p352/lib/ruby/1.8/webrick/server.rb:92:in `start'
  /usr/local/rvm/rubies/ruby-1.8.7-p352/lib/ruby/1.8/webrick/server.rb:23:in `start'
  /usr/local/rvm/rubies/ruby-1.8.7-p352/lib/ruby/1.8/webrick/server.rb:82:in `start'
  rack (1.4.1) lib/rack/handler/webrick.rb:13:in `run'
  rack (1.4.1) lib/rack/server.rb:265:in `start'
  railties (3.2.1) lib/rails/commands/server.rb:70:in `start'
  railties (3.2.1) lib/rails/commands.rb:55
  railties (3.2.1) lib/rails/commands.rb:50:in `tap'
  railties (3.2.1) lib/rails/commands.rb:50
  script/rails:6:in `require'
  script/rails:6


  Rendered /usr/local/rvm/gems/ruby-1.8.7-p352/gems/actionpack-3.2.1/lib/action_dispatch/middleware/templates/rescues/routing_error.erb within rescues/layout (0.8ms)
